<?xml version="1.0" encoding="UTF-8"?>
<testsuite name="lab3package.CityTest" tests="1" skipped="0" failures="0" errors="0" timestamp="2021-03-09T14:16:14" hostname="DESKTOP-0GP9D5D" time="0.03">
  <properties/>
  <testcase name="shouldAddLocation()" classname="lab3package.CityTest" time="0.03"/>
  <system-out><![CDATA[]]></system-out>
  <system-err><![CDATA[]]></system-err>
</testsuite>
